
**** Build of configuration Debug for project toggle bit monitor ****

"C:\\ti\\ccs1281\\ccs\\utils\\bin\\gmake" -k -j 22 all -O 
 
Building file: "../source/adc.c"
Invoking: Arm Compiler
"C:/ti/ccs1281/ccs/tools/compiler/ti-cgt-arm_20.2.7.LTS/bin/armcl" -mv7R4 --code_state=32 --float_support=VFPv3D16 --include_path="C:/Users/GEO INFORMATICS/Desktop/CCS/toggle bit monitor" --include_path="C:/ti/ccs1281/ccs/tools/compiler/ti-cgt-arm_20.2.7.LTS/include" -g --diag_warning=225 --diag_wrap=off --display_error_number --enum_type=packed --abi=eabi --preproc_with_compile --preproc_dependency="source/adc.d_raw" --obj_directory="source"  "../source/adc.c"
 
>> Compilation failure
source/subdir_rules.mk:9: recipe for target 'source/adc.obj' failed
"../source/adc.c", line 53: fatal error #1965: cannot open source file "adc.h"
1 catastrophic error detected in the compilation of "../source/adc.c".
Compilation terminated.
gmake: *** [source/adc.obj] Error 1
Building file: "../source/can.c"
Invoking: Arm Compiler
"C:/ti/ccs1281/ccs/tools/compiler/ti-cgt-arm_20.2.7.LTS/bin/armcl" -mv7R4 --code_state=32 --float_support=VFPv3D16 --include_path="C:/Users/GEO INFORMATICS/Desktop/CCS/toggle bit monitor" --include_path="C:/ti/ccs1281/ccs/tools/compiler/ti-cgt-arm_20.2.7.LTS/include" -g --diag_warning=225 --diag_wrap=off --display_error_number --enum_type=packed --abi=eabi --preproc_with_compile --preproc_dependency="source/can.d_raw" --obj_directory="source"  "../source/can.c"
 
>> Compilation failure
source/subdir_rules.mk:9: recipe for target 'source/can.obj' failed
"../source/can.c", line 55: fatal error #1965: cannot open source file "can.h"
1 catastrophic error detected in the compilation of "../source/can.c".
Compilation terminated.
gmake: *** [source/can.obj] Error 1
Building file: "../source/crc.c"
Invoking: Arm Compiler
"C:/ti/ccs1281/ccs/tools/compiler/ti-cgt-arm_20.2.7.LTS/bin/armcl" -mv7R4 --code_state=32 --float_support=VFPv3D16 --include_path="C:/Users/GEO INFORMATICS/Desktop/CCS/toggle bit monitor" --include_path="C:/ti/ccs1281/ccs/tools/compiler/ti-cgt-arm_20.2.7.LTS/include" -g --diag_warning=225 --diag_wrap=off --display_error_number --enum_type=packed --abi=eabi --preproc_with_compile --preproc_dependency="source/crc.d_raw" --obj_directory="source"  "../source/crc.c"
 
>> Compilation failure
source/subdir_rules.mk:9: recipe for target 'source/crc.obj' failed
"../source/crc.c", line 52: fatal error #1965: cannot open source file "crc.h"
1 catastrophic error detected in the compilation of "../source/crc.c".
Compilation terminated.
gmake: *** [source/crc.obj] Error 1
Building file: "../source/dcc.c"
Invoking: Arm Compiler
"C:/ti/ccs1281/ccs/tools/compiler/ti-cgt-arm_20.2.7.LTS/bin/armcl" -mv7R4 --code_state=32 --float_support=VFPv3D16 --include_path="C:/Users/GEO INFORMATICS/Desktop/CCS/toggle bit monitor" --include_path="C:/ti/ccs1281/ccs/tools/compiler/ti-cgt-arm_20.2.7.LTS/include" -g --diag_warning=225 --diag_wrap=off --display_error_number --enum_type=packed --abi=eabi --preproc_with_compile --preproc_dependency="source/dcc.d_raw" --obj_directory="source"  "../source/dcc.c"
 
>> Compilation failure
source/subdir_rules.mk:9: recipe for target 'source/dcc.obj' failed
"../source/dcc.c", line 46: fatal error #1965: cannot open source file "dcc.h"
1 catastrophic error detected in the compilation of "../source/dcc.c".
Compilation terminated.
gmake: *** [source/dcc.obj] Error 1
Building file: "../source/dmm.c"
Invoking: Arm Compiler
"C:/ti/ccs1281/ccs/tools/compiler/ti-cgt-arm_20.2.7.LTS/bin/armcl" -mv7R4 --code_state=32 --float_support=VFPv3D16 --include_path="C:/Users/GEO INFORMATICS/Desktop/CCS/toggle bit monitor" --include_path="C:/ti/ccs1281/ccs/tools/compiler/ti-cgt-arm_20.2.7.LTS/include" -g --diag_warning=225 --diag_wrap=off --display_error_number --enum_type=packed --abi=eabi --preproc_with_compile --preproc_dependency="source/dmm.d_raw" --obj_directory="source"  "../source/dmm.c"
 
>> Compilation failure
source/subdir_rules.mk:9: recipe for target 'source/dmm.obj' failed
"../source/dmm.c", line 46: fatal error #1965: cannot open source file "dmm.h"
1 catastrophic error detected in the compilation of "../source/dmm.c".
Compilation terminated.
gmake: *** [source/dmm.obj] Error 1
Building file: "../source/emac.c"
Invoking: Arm Compiler
"C:/ti/ccs1281/ccs/tools/compiler/ti-cgt-arm_20.2.7.LTS/bin/armcl" -mv7R4 --code_state=32 --float_support=VFPv3D16 --include_path="C:/Users/GEO INFORMATICS/Desktop/CCS/toggle bit monitor" --include_path="C:/ti/ccs1281/ccs/tools/compiler/ti-cgt-arm_20.2.7.LTS/include" -g --diag_warning=225 --diag_wrap=off --display_error_number --enum_type=packed --abi=eabi --preproc_with_compile --preproc_dependency="source/emac.d_raw" --obj_directory="source"  "../source/emac.c"
 
>> Compilation failure
source/subdir_rules.mk:9: recipe for target 'source/emac.obj' failed
"../source/emac.c", line 48: fatal error #1965: cannot open source file "emac.h"
1 catastrophic error detected in the compilation of "../source/emac.c".
Compilation terminated.
gmake: *** [source/emac.obj] Error 1
Building file: "../source/emif.c"
Invoking: Arm Compiler
"C:/ti/ccs1281/ccs/tools/compiler/ti-cgt-arm_20.2.7.LTS/bin/armcl" -mv7R4 --code_state=32 --float_support=VFPv3D16 --include_path="C:/Users/GEO INFORMATICS/Desktop/CCS/toggle bit monitor" --include_path="C:/ti/ccs1281/ccs/tools/compiler/ti-cgt-arm_20.2.7.LTS/include" -g --diag_warning=225 --diag_wrap=off --display_error_number --enum_type=packed --abi=eabi --preproc_with_compile --preproc_dependency="source/emif.d_raw" --obj_directory="source"  "../source/emif.c"
 
>> Compilation failure
source/subdir_rules.mk:9: recipe for target 'source/emif.obj' failed
"../source/emif.c", line 46: fatal error #1965: cannot open source file "emif.h"
1 catastrophic error detected in the compilation of "../source/emif.c".
Compilation terminated.
gmake: *** [source/emif.obj] Error 1
Building file: "../source/errata_SSWF021_45.c"
Invoking: Arm Compiler
"C:/ti/ccs1281/ccs/tools/compiler/ti-cgt-arm_20.2.7.LTS/bin/armcl" -mv7R4 --code_state=32 --float_support=VFPv3D16 --include_path="C:/Users/GEO INFORMATICS/Desktop/CCS/toggle bit monitor" --include_path="C:/ti/ccs1281/ccs/tools/compiler/ti-cgt-arm_20.2.7.LTS/include" -g --diag_warning=225 --diag_wrap=off --display_error_number --enum_type=packed --abi=eabi --preproc_with_compile --preproc_dependency="source/errata_SSWF021_45.d_raw" --obj_directory="source"  "../source/errata_SSWF021_45.c"
 
>> Compilation failure
source/subdir_rules.mk:9: recipe for target 'source/errata_SSWF021_45.obj' failed
"../source/errata_SSWF021_45.c", line 40: fatal error #1965: cannot open source file "errata_SSWF021_45_defs.h"
1 catastrophic error detected in the compilation of "../source/errata_SSWF021_45.c".
Compilation terminated.
gmake: *** [source/errata_SSWF021_45.obj] Error 1
Building file: "../source/esm.c"
Invoking: Arm Compiler
"C:/ti/ccs1281/ccs/tools/compiler/ti-cgt-arm_20.2.7.LTS/bin/armcl" -mv7R4 --code_state=32 --float_support=VFPv3D16 --include_path="C:/Users/GEO INFORMATICS/Desktop/CCS/toggle bit monitor" --include_path="C:/ti/ccs1281/ccs/tools/compiler/ti-cgt-arm_20.2.7.LTS/include" -g --diag_warning=225 --diag_wrap=off --display_error_number --enum_type=packed --abi=eabi --preproc_with_compile --preproc_dependency="source/esm.d_raw" --obj_directory="source"  "../source/esm.c"
 
>> Compilation failure
source/subdir_rules.mk:9: recipe for target 'source/esm.obj' failed
"../source/esm.c", line 52: fatal error #1965: cannot open source file "esm.h"
1 catastrophic error detected in the compilation of "../source/esm.c".
Compilation terminated.
gmake: *** [source/esm.obj] Error 1
Building file: "../source/gio.c"
Invoking: Arm Compiler
"C:/ti/ccs1281/ccs/tools/compiler/ti-cgt-arm_20.2.7.LTS/bin/armcl" -mv7R4 --code_state=32 --float_support=VFPv3D16 --include_path="C:/Users/GEO INFORMATICS/Desktop/CCS/toggle bit monitor" --include_path="C:/ti/ccs1281/ccs/tools/compiler/ti-cgt-arm_20.2.7.LTS/include" -g --diag_warning=225 --diag_wrap=off --display_error_number --enum_type=packed --abi=eabi --preproc_with_compile --preproc_dependency="source/gio.d_raw" --obj_directory="source"  "../source/gio.c"
 
>> Compilation failure
source/subdir_rules.mk:9: recipe for target 'source/gio.obj' failed
"../source/gio.c", line 46: fatal error #1965: cannot open source file "gio.h"
1 catastrophic error detected in the compilation of "../source/gio.c".
Compilation terminated.
gmake: *** [source/gio.obj] Error 1
Building file: "../source/het.c"
Invoking: Arm Compiler
"C:/ti/ccs1281/ccs/tools/compiler/ti-cgt-arm_20.2.7.LTS/bin/armcl" -mv7R4 --code_state=32 --float_support=VFPv3D16 --include_path="C:/Users/GEO INFORMATICS/Desktop/CCS/toggle bit monitor" --include_path="C:/ti/ccs1281/ccs/tools/compiler/ti-cgt-arm_20.2.7.LTS/include" -g --diag_warning=225 --diag_wrap=off --display_error_number --enum_type=packed --abi=eabi --preproc_with_compile --preproc_dependency="source/het.d_raw" --obj_directory="source"  "../source/het.c"
 
>> Compilation failure
source/subdir_rules.mk:9: recipe for target 'source/het.obj' failed
"../source/het.c", line 43: fatal error #1965: cannot open source file "het.h"
1 catastrophic error detected in the compilation of "../source/het.c".
Compilation terminated.
gmake: *** [source/het.obj] Error 1
Building file: "../source/i2c.c"
Invoking: Arm Compiler
"C:/ti/ccs1281/ccs/tools/compiler/ti-cgt-arm_20.2.7.LTS/bin/armcl" -mv7R4 --code_state=32 --float_support=VFPv3D16 --include_path="C:/Users/GEO INFORMATICS/Desktop/CCS/toggle bit monitor" --include_path="C:/ti/ccs1281/ccs/tools/compiler/ti-cgt-arm_20.2.7.LTS/include" -g --diag_warning=225 --diag_wrap=off --display_error_number --enum_type=packed --abi=eabi --preproc_with_compile --preproc_dependency="source/i2c.d_raw" --obj_directory="source"  "../source/i2c.c"
 
>> Compilation failure
source/subdir_rules.mk:9: recipe for target 'source/i2c.obj' failed
"../source/i2c.c", line 46: fatal error #1965: cannot open source file "i2c.h"
1 catastrophic error detected in the compilation of "../source/i2c.c".
Compilation terminated.
gmake: *** [source/i2c.obj] Error 1
Building file: "../source/lin.c"
Invoking: Arm Compiler
"C:/ti/ccs1281/ccs/tools/compiler/ti-cgt-arm_20.2.7.LTS/bin/armcl" -mv7R4 --code_state=32 --float_support=VFPv3D16 --include_path="C:/Users/GEO INFORMATICS/Desktop/CCS/toggle bit monitor" --include_path="C:/ti/ccs1281/ccs/tools/compiler/ti-cgt-arm_20.2.7.LTS/include" -g --diag_warning=225 --diag_wrap=off --display_error_number --enum_type=packed --abi=eabi --preproc_with_compile --preproc_dependency="source/lin.d_raw" --obj_directory="source"  "../source/lin.c"
 
>> Compilation failure
source/subdir_rules.mk:9: recipe for target 'source/lin.obj' failed
"../source/lin.c", line 46: fatal error #1965: cannot open source file "lin.h"
1 catastrophic error detected in the compilation of "../source/lin.c".
Compilation terminated.
gmake: *** [source/lin.obj] Error 1
Building file: "../source/mdio.c"
Invoking: Arm Compiler
"C:/ti/ccs1281/ccs/tools/compiler/ti-cgt-arm_20.2.7.LTS/bin/armcl" -mv7R4 --code_state=32 --float_support=VFPv3D16 --include_path="C:/Users/GEO INFORMATICS/Desktop/CCS/toggle bit monitor" --include_path="C:/ti/ccs1281/ccs/tools/compiler/ti-cgt-arm_20.2.7.LTS/include" -g --diag_warning=225 --diag_wrap=off --display_error_number --enum_type=packed --abi=eabi --preproc_with_compile --preproc_dependency="source/mdio.d_raw" --obj_directory="source"  "../source/mdio.c"
 
>> Compilation failure
source/subdir_rules.mk:9: recipe for target 'source/mdio.obj' failed
"../source/mdio.c", line 49: fatal error #1965: cannot open source file "hw_reg_access.h"
1 catastrophic error detected in the compilation of "../source/mdio.c".
Compilation terminated.
gmake: *** [source/mdio.obj] Error 1
Building file: "../source/mibspi.c"
Invoking: Arm Compiler
"C:/ti/ccs1281/ccs/tools/compiler/ti-cgt-arm_20.2.7.LTS/bin/armcl" -mv7R4 --code_state=32 --float_support=VFPv3D16 --include_path="C:/Users/GEO INFORMATICS/Desktop/CCS/toggle bit monitor" --include_path="C:/ti/ccs1281/ccs/tools/compiler/ti-cgt-arm_20.2.7.LTS/include" -g --diag_warning=225 --diag_wrap=off --display_error_number --enum_type=packed --abi=eabi --preproc_with_compile --preproc_dependency="source/mibspi.d_raw" --obj_directory="source"  "../source/mibspi.c"
 
>> Compilation failure
source/subdir_rules.mk:9: recipe for target 'source/mibspi.obj' failed
"../source/mibspi.c", line 46: fatal error #1965: cannot open source file "mibspi.h"
1 catastrophic error detected in the compilation of "../source/mibspi.c".
Compilation terminated.
gmake: *** [source/mibspi.obj] Error 1
Building file: "../source/notification.c"
Invoking: Arm Compiler
"C:/ti/ccs1281/ccs/tools/compiler/ti-cgt-arm_20.2.7.LTS/bin/armcl" -mv7R4 --code_state=32 --float_support=VFPv3D16 --include_path="C:/Users/GEO INFORMATICS/Desktop/CCS/toggle bit monitor" --include_path="C:/ti/ccs1281/ccs/tools/compiler/ti-cgt-arm_20.2.7.LTS/include" -g --diag_warning=225 --diag_wrap=off --display_error_number --enum_type=packed --abi=eabi --preproc_with_compile --preproc_dependency="source/notification.d_raw" --obj_directory="source"  "../source/notification.c"
 
>> Compilation failure
source/subdir_rules.mk:9: recipe for target 'source/notification.obj' failed
"../source/notification.c", line 51: fatal error #1965: cannot open source file "esm.h"
1 catastrophic error detected in the compilation of "../source/notification.c".
Compilation terminated.
gmake: *** [source/notification.obj] Error 1
Building file: "../source/os_croutine.c"
Invoking: Arm Compiler
"C:/ti/ccs1281/ccs/tools/compiler/ti-cgt-arm_20.2.7.LTS/bin/armcl" -mv7R4 --code_state=32 --float_support=VFPv3D16 --include_path="C:/Users/GEO INFORMATICS/Desktop/CCS/toggle bit monitor" --include_path="C:/ti/ccs1281/ccs/tools/compiler/ti-cgt-arm_20.2.7.LTS/include" -g --diag_warning=225 --diag_wrap=off --display_error_number --enum_type=packed --abi=eabi --preproc_with_compile --preproc_dependency="source/os_croutine.d_raw" --obj_directory="source"  "../source/os_croutine.c"
 
>> Compilation failure
source/subdir_rules.mk:9: recipe for target 'source/os_croutine.obj' failed
"../source/os_croutine.c", line 70: fatal error #1965: cannot open source file "FreeRTOS.h"
1 catastrophic error detected in the compilation of "../source/os_croutine.c".
Compilation terminated.
gmake: *** [source/os_croutine.obj] Error 1
Building file: "../source/os_event_groups.c"
Invoking: Arm Compiler
"C:/ti/ccs1281/ccs/tools/compiler/ti-cgt-arm_20.2.7.LTS/bin/armcl" -mv7R4 --code_state=32 --float_support=VFPv3D16 --include_path="C:/Users/GEO INFORMATICS/Desktop/CCS/toggle bit monitor" --include_path="C:/ti/ccs1281/ccs/tools/compiler/ti-cgt-arm_20.2.7.LTS/include" -g --diag_warning=225 --diag_wrap=off --display_error_number --enum_type=packed --abi=eabi --preproc_with_compile --preproc_dependency="source/os_event_groups.d_raw" --obj_directory="source"  "../source/os_event_groups.c"
 
>> Compilation failure
source/subdir_rules.mk:9: recipe for target 'source/os_event_groups.obj' failed
"../source/os_event_groups.c", line 79: fatal error #1965: cannot open source file "FreeRTOS.h"
1 catastrophic error detected in the compilation of "../source/os_event_groups.c".
Compilation terminated.
gmake: *** [source/os_event_groups.obj] Error 1
Building file: "../source/os_heap.c"
Invoking: Arm Compiler
"C:/ti/ccs1281/ccs/tools/compiler/ti-cgt-arm_20.2.7.LTS/bin/armcl" -mv7R4 --code_state=32 --float_support=VFPv3D16 --include_path="C:/Users/GEO INFORMATICS/Desktop/CCS/toggle bit monitor" --include_path="C:/ti/ccs1281/ccs/tools/compiler/ti-cgt-arm_20.2.7.LTS/include" -g --diag_warning=225 --diag_wrap=off --display_error_number --enum_type=packed --abi=eabi --preproc_with_compile --preproc_dependency="source/os_heap.d_raw" --obj_directory="source"  "../source/os_heap.c"
 
>> Compilation failure
source/subdir_rules.mk:9: recipe for target 'source/os_heap.obj' failed
"../source/os_heap.c", line 81: fatal error #1965: cannot open source file "FreeRTOS.h"
1 catastrophic error detected in the compilation of "../source/os_heap.c".
Compilation terminated.
gmake: *** [source/os_heap.obj] Error 1
Building file: "../source/os_list.c"
Invoking: Arm Compiler
"C:/ti/ccs1281/ccs/tools/compiler/ti-cgt-arm_20.2.7.LTS/bin/armcl" -mv7R4 --code_state=32 --float_support=VFPv3D16 --include_path="C:/Users/GEO INFORMATICS/Desktop/CCS/toggle bit monitor" --include_path="C:/ti/ccs1281/ccs/tools/compiler/ti-cgt-arm_20.2.7.LTS/include" -g --diag_warning=225 --diag_wrap=off --display_error_number --enum_type=packed --abi=eabi --preproc_with_compile --preproc_dependency="source/os_list.d_raw" --obj_directory="source"  "../source/os_list.c"
 
>> Compilation failure
source/subdir_rules.mk:9: recipe for target 'source/os_list.obj' failed
"../source/os_list.c", line 72: fatal error #1965: cannot open source file "FreeRTOS.h"
1 catastrophic error detected in the compilation of "../source/os_list.c".
Compilation terminated.
gmake: *** [source/os_list.obj] Error 1
Building file: "../source/os_mpu_wrappers.c"
Invoking: Arm Compiler
"C:/ti/ccs1281/ccs/tools/compiler/ti-cgt-arm_20.2.7.LTS/bin/armcl" -mv7R4 --code_state=32 --float_support=VFPv3D16 --include_path="C:/Users/GEO INFORMATICS/Desktop/CCS/toggle bit monitor" --include_path="C:/ti/ccs1281/ccs/tools/compiler/ti-cgt-arm_20.2.7.LTS/include" -g --diag_warning=225 --diag_wrap=off --display_error_number --enum_type=packed --abi=eabi --preproc_with_compile --preproc_dependency="source/os_mpu_wrappers.d_raw" --obj_directory="source"  "../source/os_mpu_wrappers.c"
 
>> Compilation failure
source/subdir_rules.mk:9: recipe for target 'source/os_mpu_wrappers.obj' failed
"../source/os_mpu_wrappers.c", line 75: fatal error #1965: cannot open source file "FreeRTOS.h"
1 catastrophic error detected in the compilation of "../source/os_mpu_wrappers.c".
Compilation terminated.
gmake: *** [source/os_mpu_wrappers.obj] Error 1
Building file: "../source/os_port.c"
Invoking: Arm Compiler
"C:/ti/ccs1281/ccs/tools/compiler/ti-cgt-arm_20.2.7.LTS/bin/armcl" -mv7R4 --code_state=32 --float_support=VFPv3D16 --include_path="C:/Users/GEO INFORMATICS/Desktop/CCS/toggle bit monitor" --include_path="C:/ti/ccs1281/ccs/tools/compiler/ti-cgt-arm_20.2.7.LTS/include" -g --diag_warning=225 --diag_wrap=off --display_error_number --enum_type=packed --abi=eabi --preproc_with_compile --preproc_dependency="source/os_port.d_raw" --obj_directory="source"  "../source/os_port.c"
 
>> Compilation failure
source/subdir_rules.mk:9: recipe for target 'source/os_port.obj' failed
"../source/os_port.c", line 75: fatal error #1965: cannot open source file "FreeRTOS.h"
1 catastrophic error detected in the compilation of "../source/os_port.c".
Compilation terminated.
gmake: *** [source/os_port.obj] Error 1
Building file: "../source/os_queue.c"
Invoking: Arm Compiler
"C:/ti/ccs1281/ccs/tools/compiler/ti-cgt-arm_20.2.7.LTS/bin/armcl" -mv7R4 --code_state=32 --float_support=VFPv3D16 --include_path="C:/Users/GEO INFORMATICS/Desktop/CCS/toggle bit monitor" --include_path="C:/ti/ccs1281/ccs/tools/compiler/ti-cgt-arm_20.2.7.LTS/include" -g --diag_warning=225 --diag_wrap=off --display_error_number --enum_type=packed --abi=eabi --preproc_with_compile --preproc_dependency="source/os_queue.d_raw" --obj_directory="source"  "../source/os_queue.c"
 
>> Compilation failure
source/subdir_rules.mk:9: recipe for target 'source/os_queue.obj' failed
"../source/os_queue.c", line 78: fatal error #1965: cannot open source file "FreeRTOS.h"
1 catastrophic error detected in the compilation of "../source/os_queue.c".
Compilation terminated.
gmake: *** [source/os_queue.obj] Error 1
Building file: "../source/os_tasks.c"
Invoking: Arm Compiler
"C:/ti/ccs1281/ccs/tools/compiler/ti-cgt-arm_20.2.7.LTS/bin/armcl" -mv7R4 --code_state=32 --float_support=VFPv3D16 --include_path="C:/Users/GEO INFORMATICS/Desktop/CCS/toggle bit monitor" --include_path="C:/ti/ccs1281/ccs/tools/compiler/ti-cgt-arm_20.2.7.LTS/include" -g --diag_warning=225 --diag_wrap=off --display_error_number --enum_type=packed --abi=eabi --preproc_with_compile --preproc_dependency="source/os_tasks.d_raw" --obj_directory="source"  "../source/os_tasks.c"
 
>> Compilation failure
source/subdir_rules.mk:9: recipe for target 'source/os_tasks.obj' failed
"../source/os_tasks.c", line 80: fatal error #1965: cannot open source file "FreeRTOS.h"
1 catastrophic error detected in the compilation of "../source/os_tasks.c".
Compilation terminated.
gmake: *** [source/os_tasks.obj] Error 1
Building file: "../source/os_timer.c"
Invoking: Arm Compiler
"C:/ti/ccs1281/ccs/tools/compiler/ti-cgt-arm_20.2.7.LTS/bin/armcl" -mv7R4 --code_state=32 --float_support=VFPv3D16 --include_path="C:/Users/GEO INFORMATICS/Desktop/CCS/toggle bit monitor" --include_path="C:/ti/ccs1281/ccs/tools/compiler/ti-cgt-arm_20.2.7.LTS/include" -g --diag_warning=225 --diag_wrap=off --display_error_number --enum_type=packed --abi=eabi --preproc_with_compile --preproc_dependency="source/os_timer.d_raw" --obj_directory="source"  "../source/os_timer.c"
 
>> Compilation failure
source/subdir_rules.mk:9: recipe for target 'source/os_timer.obj' failed
"../source/os_timer.c", line 78: fatal error #1965: cannot open source file "FreeRTOS.h"
1 catastrophic error detected in the compilation of "../source/os_timer.c".
Compilation terminated.
gmake: *** [source/os_timer.obj] Error 1
Building file: "../source/phy_dp83640.c"
Invoking: Arm Compiler
"C:/ti/ccs1281/ccs/tools/compiler/ti-cgt-arm_20.2.7.LTS/bin/armcl" -mv7R4 --code_state=32 --float_support=VFPv3D16 --include_path="C:/Users/GEO INFORMATICS/Desktop/CCS/toggle bit monitor" --include_path="C:/ti/ccs1281/ccs/tools/compiler/ti-cgt-arm_20.2.7.LTS/include" -g --diag_warning=225 --diag_wrap=off --display_error_number --enum_type=packed --abi=eabi --preproc_with_compile --preproc_dependency="source/phy_dp83640.d_raw" --obj_directory="source"  "../source/phy_dp83640.c"
 
>> Compilation failure
source/subdir_rules.mk:9: recipe for target 'source/phy_dp83640.obj' failed
"../source/phy_dp83640.c", line 47: fatal error #1965: cannot open source file "sys_common.h"
1 catastrophic error detected in the compilation of "../source/phy_dp83640.c".
Compilation terminated.
gmake: *** [source/phy_dp83640.obj] Error 1
Building file: "../source/pinmux.c"
Invoking: Arm Compiler
"C:/ti/ccs1281/ccs/tools/compiler/ti-cgt-arm_20.2.7.LTS/bin/armcl" -mv7R4 --code_state=32 --float_support=VFPv3D16 --include_path="C:/Users/GEO INFORMATICS/Desktop/CCS/toggle bit monitor" --include_path="C:/ti/ccs1281/ccs/tools/compiler/ti-cgt-arm_20.2.7.LTS/include" -g --diag_warning=225 --diag_wrap=off --display_error_number --enum_type=packed --abi=eabi --preproc_with_compile --preproc_dependency="source/pinmux.d_raw" --obj_directory="source"  "../source/pinmux.c"
 
>> Compilation failure
source/subdir_rules.mk:9: recipe for target 'source/pinmux.obj' failed
"../source/pinmux.c", line 45: fatal error #1965: cannot open source file "reg_system.h"
1 catastrophic error detected in the compilation of "../source/pinmux.c".
Compilation terminated.
gmake: *** [source/pinmux.obj] Error 1
Building file: "../source/pom.c"
Invoking: Arm Compiler
"C:/ti/ccs1281/ccs/tools/compiler/ti-cgt-arm_20.2.7.LTS/bin/armcl" -mv7R4 --code_state=32 --float_support=VFPv3D16 --include_path="C:/Users/GEO INFORMATICS/Desktop/CCS/toggle bit monitor" --include_path="C:/ti/ccs1281/ccs/tools/compiler/ti-cgt-arm_20.2.7.LTS/include" -g --diag_warning=225 --diag_wrap=off --display_error_number --enum_type=packed --abi=eabi --preproc_with_compile --preproc_dependency="source/pom.d_raw" --obj_directory="source"  "../source/pom.c"
 
>> Compilation failure
source/subdir_rules.mk:9: recipe for target 'source/pom.obj' failed
"../source/pom.c", line 47: fatal error #1965: cannot open source file "pom.h"
1 catastrophic error detected in the compilation of "../source/pom.c".
Compilation terminated.
gmake: *** [source/pom.obj] Error 1
Building file: "../source/rtp.c"
Invoking: Arm Compiler
"C:/ti/ccs1281/ccs/tools/compiler/ti-cgt-arm_20.2.7.LTS/bin/armcl" -mv7R4 --code_state=32 --float_support=VFPv3D16 --include_path="C:/Users/GEO INFORMATICS/Desktop/CCS/toggle bit monitor" --include_path="C:/ti/ccs1281/ccs/tools/compiler/ti-cgt-arm_20.2.7.LTS/include" -g --diag_warning=225 --diag_wrap=off --display_error_number --enum_type=packed --abi=eabi --preproc_with_compile --preproc_dependency="source/rtp.d_raw" --obj_directory="source"  "../source/rtp.c"
 
>> Compilation failure
source/subdir_rules.mk:9: recipe for target 'source/rtp.obj' failed
"../source/rtp.c", line 46: fatal error #1965: cannot open source file "rtp.h"
1 catastrophic error detected in the compilation of "../source/rtp.c".
Compilation terminated.
gmake: *** [source/rtp.obj] Error 1
Building file: "../source/sci.c"
Invoking: Arm Compiler
"C:/ti/ccs1281/ccs/tools/compiler/ti-cgt-arm_20.2.7.LTS/bin/armcl" -mv7R4 --code_state=32 --float_support=VFPv3D16 --include_path="C:/Users/GEO INFORMATICS/Desktop/CCS/toggle bit monitor" --include_path="C:/ti/ccs1281/ccs/tools/compiler/ti-cgt-arm_20.2.7.LTS/include" -g --diag_warning=225 --diag_wrap=off --display_error_number --enum_type=packed --abi=eabi --preproc_with_compile --preproc_dependency="source/sci.d_raw" --obj_directory="source"  "../source/sci.c"
 
>> Compilation failure
source/subdir_rules.mk:9: recipe for target 'source/sci.obj' failed
"../source/sci.c", line 46: fatal error #1965: cannot open source file "sci.h"
1 catastrophic error detected in the compilation of "../source/sci.c".
Compilation terminated.
gmake: *** [source/sci.obj] Error 1
Building file: "../source/spi.c"
Invoking: Arm Compiler
"C:/ti/ccs1281/ccs/tools/compiler/ti-cgt-arm_20.2.7.LTS/bin/armcl" -mv7R4 --code_state=32 --float_support=VFPv3D16 --include_path="C:/Users/GEO INFORMATICS/Desktop/CCS/toggle bit monitor" --include_path="C:/ti/ccs1281/ccs/tools/compiler/ti-cgt-arm_20.2.7.LTS/include" -g --diag_warning=225 --diag_wrap=off --display_error_number --enum_type=packed --abi=eabi --preproc_with_compile --preproc_dependency="source/spi.d_raw" --obj_directory="source"  "../source/spi.c"
 
>> Compilation failure
source/subdir_rules.mk:9: recipe for target 'source/spi.obj' failed
"../source/spi.c", line 44: fatal error #1965: cannot open source file "spi.h"
1 catastrophic error detected in the compilation of "../source/spi.c".
Compilation terminated.
gmake: *** [source/spi.obj] Error 1
Building file: "../source/sys_dma.c"
Invoking: Arm Compiler
"C:/ti/ccs1281/ccs/tools/compiler/ti-cgt-arm_20.2.7.LTS/bin/armcl" -mv7R4 --code_state=32 --float_support=VFPv3D16 --include_path="C:/Users/GEO INFORMATICS/Desktop/CCS/toggle bit monitor" --include_path="C:/ti/ccs1281/ccs/tools/compiler/ti-cgt-arm_20.2.7.LTS/include" -g --diag_warning=225 --diag_wrap=off --display_error_number --enum_type=packed --abi=eabi --preproc_with_compile --preproc_dependency="source/sys_dma.d_raw" --obj_directory="source"  "../source/sys_dma.c"
 
>> Compilation failure
source/subdir_rules.mk:9: recipe for target 'source/sys_dma.obj' failed
"../source/sys_dma.c", line 44: fatal error #1965: cannot open source file "sys_dma.h"
1 catastrophic error detected in the compilation of "../source/sys_dma.c".
Compilation terminated.
gmake: *** [source/sys_dma.obj] Error 1
Building file: "../source/sys_main.c"
Invoking: Arm Compiler
"C:/ti/ccs1281/ccs/tools/compiler/ti-cgt-arm_20.2.7.LTS/bin/armcl" -mv7R4 --code_state=32 --float_support=VFPv3D16 --include_path="C:/Users/GEO INFORMATICS/Desktop/CCS/toggle bit monitor" --include_path="C:/ti/ccs1281/ccs/tools/compiler/ti-cgt-arm_20.2.7.LTS/include" -g --diag_warning=225 --diag_wrap=off --display_error_number --enum_type=packed --abi=eabi --preproc_with_compile --preproc_dependency="source/sys_main.d_raw" --obj_directory="source"  "../source/sys_main.c"
 
>> Compilation failure
source/subdir_rules.mk:9: recipe for target 'source/sys_main.obj' failed
"../source/sys_main.c", line 47: fatal error #1965: cannot open source file "sci.h"
1 catastrophic error detected in the compilation of "../source/sys_main.c".
Compilation terminated.
gmake: *** [source/sys_main.obj] Error 1
Building file: "../source/sys_pcr.c"
Invoking: Arm Compiler
"C:/ti/ccs1281/ccs/tools/compiler/ti-cgt-arm_20.2.7.LTS/bin/armcl" -mv7R4 --code_state=32 --float_support=VFPv3D16 --include_path="C:/Users/GEO INFORMATICS/Desktop/CCS/toggle bit monitor" --include_path="C:/ti/ccs1281/ccs/tools/compiler/ti-cgt-arm_20.2.7.LTS/include" -g --diag_warning=225 --diag_wrap=off --display_error_number --enum_type=packed --abi=eabi --preproc_with_compile --preproc_dependency="source/sys_pcr.d_raw" --obj_directory="source"  "../source/sys_pcr.c"
 
>> Compilation failure
source/subdir_rules.mk:9: recipe for target 'source/sys_pcr.obj' failed
"../source/sys_pcr.c", line 42: fatal error #1965: cannot open source file "sys_pcr.h"
1 catastrophic error detected in the compilation of "../source/sys_pcr.c".
Compilation terminated.
gmake: *** [source/sys_pcr.obj] Error 1
Building file: "../source/sys_phantom.c"
Invoking: Arm Compiler
"C:/ti/ccs1281/ccs/tools/compiler/ti-cgt-arm_20.2.7.LTS/bin/armcl" -mv7R4 --code_state=32 --float_support=VFPv3D16 --include_path="C:/Users/GEO INFORMATICS/Desktop/CCS/toggle bit monitor" --include_path="C:/ti/ccs1281/ccs/tools/compiler/ti-cgt-arm_20.2.7.LTS/include" -g --diag_warning=225 --diag_wrap=off --display_error_number --enum_type=packed --abi=eabi --preproc_with_compile --preproc_dependency="source/sys_phantom.d_raw" --obj_directory="source"  "../source/sys_phantom.c"
 
>> Compilation failure
source/subdir_rules.mk:9: recipe for target 'source/sys_phantom.obj' failed
"../source/sys_phantom.c", line 45: fatal error #1965: cannot open source file "sys_common.h"
1 catastrophic error detected in the compilation of "../source/sys_phantom.c".
Compilation terminated.
gmake: *** [source/sys_phantom.obj] Error 1
Building file: "../source/sys_pmm.c"
Invoking: Arm Compiler
"C:/ti/ccs1281/ccs/tools/compiler/ti-cgt-arm_20.2.7.LTS/bin/armcl" -mv7R4 --code_state=32 --float_support=VFPv3D16 --include_path="C:/Users/GEO INFORMATICS/Desktop/CCS/toggle bit monitor" --include_path="C:/ti/ccs1281/ccs/tools/compiler/ti-cgt-arm_20.2.7.LTS/include" -g --diag_warning=225 --diag_wrap=off --display_error_number --enum_type=packed --abi=eabi --preproc_with_compile --preproc_dependency="source/sys_pmm.d_raw" --obj_directory="source"  "../source/sys_pmm.c"
 
>> Compilation failure
source/subdir_rules.mk:9: recipe for target 'source/sys_pmm.obj' failed
"../source/sys_pmm.c", line 42: fatal error #1965: cannot open source file "sys_pmm.h"
1 catastrophic error detected in the compilation of "../source/sys_pmm.c".
Compilation terminated.
gmake: *** [source/sys_pmm.obj] Error 1
Building file: "../source/sys_selftest.c"
Invoking: Arm Compiler
"C:/ti/ccs1281/ccs/tools/compiler/ti-cgt-arm_20.2.7.LTS/bin/armcl" -mv7R4 --code_state=32 --float_support=VFPv3D16 --include_path="C:/Users/GEO INFORMATICS/Desktop/CCS/toggle bit monitor" --include_path="C:/ti/ccs1281/ccs/tools/compiler/ti-cgt-arm_20.2.7.LTS/include" -g --diag_warning=225 --diag_wrap=off --display_error_number --enum_type=packed --abi=eabi --preproc_with_compile --preproc_dependency="source/sys_selftest.d_raw" --obj_directory="source"  "../source/sys_selftest.c"
 
>> Compilation failure
source/subdir_rules.mk:9: recipe for target 'source/sys_selftest.obj' failed
"../source/sys_selftest.c", line 48: fatal error #1965: cannot open source file "sys_selftest.h"
1 catastrophic error detected in the compilation of "../source/sys_selftest.c".
Compilation terminated.
gmake: *** [source/sys_selftest.obj] Error 1
Building file: "../source/sys_startup.c"
Invoking: Arm Compiler
"C:/ti/ccs1281/ccs/tools/compiler/ti-cgt-arm_20.2.7.LTS/bin/armcl" -mv7R4 --code_state=32 --float_support=VFPv3D16 --include_path="C:/Users/GEO INFORMATICS/Desktop/CCS/toggle bit monitor" --include_path="C:/ti/ccs1281/ccs/tools/compiler/ti-cgt-arm_20.2.7.LTS/include" -g --diag_warning=225 --diag_wrap=off --display_error_number --enum_type=packed --abi=eabi --preproc_with_compile --preproc_dependency="source/sys_startup.d_raw" --obj_directory="source"  "../source/sys_startup.c"
 
>> Compilation failure
source/subdir_rules.mk:9: recipe for target 'source/sys_startup.obj' failed
"../source/sys_startup.c", line 57: fatal error #1965: cannot open source file "sys_common.h"
1 catastrophic error detected in the compilation of "../source/sys_startup.c".
Compilation terminated.
gmake: *** [source/sys_startup.obj] Error 1
Building file: "../source/sys_vim.c"
Invoking: Arm Compiler
"C:/ti/ccs1281/ccs/tools/compiler/ti-cgt-arm_20.2.7.LTS/bin/armcl" -mv7R4 --code_state=32 --float_support=VFPv3D16 --include_path="C:/Users/GEO INFORMATICS/Desktop/CCS/toggle bit monitor" --include_path="C:/ti/ccs1281/ccs/tools/compiler/ti-cgt-arm_20.2.7.LTS/include" -g --diag_warning=225 --diag_wrap=off --display_error_number --enum_type=packed --abi=eabi --preproc_with_compile --preproc_dependency="source/sys_vim.d_raw" --obj_directory="source"  "../source/sys_vim.c"
 
>> Compilation failure
source/subdir_rules.mk:9: recipe for target 'source/sys_vim.obj' failed
"../source/sys_vim.c", line 44: fatal error #1965: cannot open source file "sys_vim.h"
1 catastrophic error detected in the compilation of "../source/sys_vim.c".
Compilation terminated.
gmake: *** [source/sys_vim.obj] Error 1
Building file: "../source/system.c"
Invoking: Arm Compiler
"C:/ti/ccs1281/ccs/tools/compiler/ti-cgt-arm_20.2.7.LTS/bin/armcl" -mv7R4 --code_state=32 --float_support=VFPv3D16 --include_path="C:/Users/GEO INFORMATICS/Desktop/CCS/toggle bit monitor" --include_path="C:/ti/ccs1281/ccs/tools/compiler/ti-cgt-arm_20.2.7.LTS/include" -g --diag_warning=225 --diag_wrap=off --display_error_number --enum_type=packed --abi=eabi --preproc_with_compile --preproc_dependency="source/system.d_raw" --obj_directory="source"  "../source/system.c"
 
>> Compilation failure
source/subdir_rules.mk:9: recipe for target 'source/system.obj' failed
"../source/system.c", line 53: fatal error #1965: cannot open source file "system.h"
1 catastrophic error detected in the compilation of "../source/system.c".
Compilation terminated.
gmake: *** [source/system.obj] Error 1
gmake: Target 'all' not remade because of errors.

**** Build Finished ****
